<?xml version="1.0" encoding="UTF-8"?>
<!-- Generated by org.testng.reporters.JUnitXMLReporter -->
<testsuite hostname="ISW42SLPC1091" ignored="0" name="Loan EMI CALC 2" tests="4" failures="0" timestamp="17 Jun 2018 05:11:01 GMT" time="200.387" errors="0">
  <testcase name="script" time="42.648" classname="testScripts.Tc_EMI_Calculator_02"/>
  <testcase name="script" time="44.926" classname="testScripts.Tc_EMI_Calculator_02"/>
  <testcase name="script" time="44.521" classname="testScripts.Tc_EMI_Calculator_02"/>
  <testcase name="script2" time="7.373" classname="testScripts.Tc_EMI_Calculator_02"/>
</testsuite> <!-- Loan EMI CALC 2 -->
