<?xml version="1.0" encoding="UTF-8"?>
<!-- Generated by org.testng.reporters.JUnitXMLReporter -->
<testsuite hostname="ISW42SLPC1091" ignored="0" name="Loan EMI CALC" tests="4" failures="0" timestamp="17 Jun 2018 05:07:40 GMT" time="204.0" errors="0">
  <testcase name="script" time="46.696" classname="testScripts.Tc_EMI_Calculator_01"/>
  <testcase name="script" time="42.759" classname="testScripts.Tc_EMI_Calculator_01"/>
  <testcase name="script" time="42.481" classname="testScripts.Tc_EMI_Calculator_01"/>
  <testcase name="script2" time="7.488" classname="testScripts.Tc_EMI_Calculator_01"/>
</testsuite> <!-- Loan EMI CALC -->
