<?xml version="1.0" encoding="UTF-8"?>
<!-- Generated by org.testng.reporters.JUnitXMLReporter -->
<testsuite hostname="DERIW42SLPC1327" ignored="0" name="Default test" tests="3" failures="0" timestamp="19 May 2018 11:17:55 GMT" time="13.482" errors="0">
  <testcase name="LaunchBrowser" time="12.008" classname="baseClass.BaseClass"/>
  <testcase name="Search" time="0.392" classname="baseClass.BaseClass"/>
  <testcase name="Search3" time="1.056" classname="baseClass.BaseClass"/>
</testsuite> <!-- Default test -->
